


ARM Macro Assembler    Page 1 


    1 00000000         ;/******************************************************
                       ***********************
    2 00000000         ; * @file:    startup_LPC54608.s
    3 00000000         ; * @purpose: CMSIS Cortex-M4 Core Device Startup File f
                       or the
    4 00000000         ; *           LPC54608
    5 00000000         ; * @version: 1.0
    6 00000000         ; * @date:    2016-8-12
    7 00000000         ; *
    8 00000000         ; * Copyright: 1997 - 2016 Freescale Semiconductor, Inc.
                        All Rights Reserved.
    9 00000000         ; *
   10 00000000         ; * Redistribution and use in source and binary forms, w
                       ith or without modification,
   11 00000000         ; * are permitted provided that the following conditions
                        are met:
   12 00000000         ; *
   13 00000000         ; * o Redistributions of source code must retain the abo
                       ve copyright notice, this list
   14 00000000         ; *   of conditions and the following disclaimer.
   15 00000000         ; *
   16 00000000         ; * o Redistributions in binary form must reproduce the 
                       above copyright notice, this
   17 00000000         ; *   list of conditions and the following disclaimer in
                        the documentation and/or
   18 00000000         ; *   other materials provided with the distribution.
   19 00000000         ; *
   20 00000000         ; * o Neither the name of Freescale Semiconductor, Inc. 
                       nor the names of its
   21 00000000         ; *   contributors may be used to endorse or promote pro
                       ducts derived from this
   22 00000000         ; *   software without specific prior written permission
                       .
   23 00000000         ; *
   24 00000000         ; * THIS SOFTWARE IS PROVIDED BY THE COPYRIGHT HOLDERS A
                       ND CONTRIBUTORS "AS IS" AND
   25 00000000         ; * ANY EXPRESS OR IMPLIED WARRANTIES, INCLUDING, BUT NO
                       T LIMITED TO, THE IMPLIED
   26 00000000         ; * WARRANTIES OF MERCHANTABILITY AND FITNESS FOR A PART
                       ICULAR PURPOSE ARE
   27 00000000         ; * DISCLAIMED. IN NO EVENT SHALL THE COPYRIGHT HOLDER O
                       R CONTRIBUTORS BE LIABLE FOR
   28 00000000         ; * ANY DIRECT, INDIRECT, INCIDENTAL, SPECIAL, EXEMPLARY
                       , OR CONSEQUENTIAL DAMAGES
   29 00000000         ; * (INCLUDING, BUT NOT LIMITED TO, PROCUREMENT OF SUBST
                       ITUTE GOODS OR SERVICES;
   30 00000000         ; * LOSS OF USE, DATA, OR PROFITS; OR BUSINESS INTERRUPT
                       ION) HOWEVER CAUSED AND ON
   31 00000000         ; * ANY THEORY OF LIABILITY, WHETHER IN CONTRACT, STRICT
                        LIABILITY, OR TORT
   32 00000000         ; * (INCLUDING NEGLIGENCE OR OTHERWISE) ARISING IN ANY W
                       AY OUT OF THE USE OF THIS
   33 00000000         ; * SOFTWARE, EVEN IF ADVISED OF THE POSSIBILITY OF SUCH
                        DAMAGE.
   34 00000000         ; *
   35 00000000         ; *------- <<< Use Configuration Wizard in Context Menu 
                       >>> ------------------
   36 00000000         ; *
   37 00000000         ; ******************************************************



ARM Macro Assembler    Page 2 


                       ***********************/
   38 00000000         
   39 00000000         
   40 00000000                 PRESERVE8
   41 00000000                 THUMB
   42 00000000         
   43 00000000         ; Vector Table Mapped to Address 0 at Reset
   44 00000000                 AREA             RESET, DATA, READONLY
   45 00000000                 EXPORT           __Vectors
   46 00000000                 IMPORT           |Image$$ARM_LIB_STACK$$ZI$$Limi
t|
   47 00000000         
   48 00000000 00000000 
                       __Vectors
                               DCD              |Image$$ARM_LIB_STACK$$ZI$$Limi
t| 
                                                            ; Top of Stack
   49 00000004 00000000        DCD              Reset_Handler ; Reset Handler
   50 00000008         
   51 00000008 00000000        DCD              NMI_Handler
   52 0000000C 00000000        DCD              HardFault_Handler
   53 00000010 00000000        DCD              MemManage_Handler
   54 00000014 00000000        DCD              BusFault_Handler
   55 00000018 00000000        DCD              UsageFault_Handler
   56 0000001C         __vector_table_0x1c
   57 0000001C 00000000        DCD              0           ; Checksum of the f
                                                            irst 7 words
   58 00000020 FFFFFFFF        DCD              0xFFFFFFFF  ; ECRP
   59 00000024 00000000        DCD              0           ; Enhanced image ma
                                                            rker, set to 0x0 fo
                                                            r legacy boot
   60 00000028 00000000        DCD              0           ; Pointer to enhanc
                                                            ed boot block, set 
                                                            to 0x0 for legacy b
                                                            oot
   61 0000002C 00000000        DCD              SVC_Handler
   62 00000030 00000000        DCD              DebugMon_Handler
   63 00000034 00000000        DCD              0
   64 00000038 00000000        DCD              PendSV_Handler
   65 0000003C 00000000        DCD              SysTick_Handler
   66 00000040         
   67 00000040         ; External Interrupts
   68 00000040 00000000        DCD              WDT_BOD_IRQHandler ; Windowed w
                                                            atchdog timer, Brow
                                                            nout detect
   69 00000044 00000000        DCD              DMA0_IRQHandler 
                                                            ; DMA controller
   70 00000048 00000000        DCD              GINT0_IRQHandler ; GPIO group 0
                                                            
   71 0000004C 00000000        DCD              GINT1_IRQHandler ; GPIO group 1
                                                            
   72 00000050 00000000        DCD              PIN_INT0_IRQHandler ; Pin inter
                                                            rupt 0 or pattern m
                                                            atch engine slice 0
                                                            
   73 00000054 00000000        DCD              PIN_INT1_IRQHandler ; Pin inter
                                                            rupt 1or pattern ma
                                                            tch engine slice 1
   74 00000058 00000000        DCD              PIN_INT2_IRQHandler ; Pin inter



ARM Macro Assembler    Page 3 


                                                            rupt 2 or pattern m
                                                            atch engine slice 2
                                                            
   75 0000005C 00000000        DCD              PIN_INT3_IRQHandler ; Pin inter
                                                            rupt 3 or pattern m
                                                            atch engine slice 3
                                                            
   76 00000060 00000000        DCD              UTICK0_IRQHandler 
                                                            ; Micro-tick Timer
   77 00000064 00000000        DCD              MRT0_IRQHandler 
                                                            ; Multi-rate timer
   78 00000068 00000000        DCD              CTIMER0_IRQHandler ; Standard c
                                                            ounter/timer CTIMER
                                                            0
   79 0000006C 00000000        DCD              CTIMER1_IRQHandler ; Standard c
                                                            ounter/timer CTIMER
                                                            1
   80 00000070 00000000        DCD              SCT0_IRQHandler ; SCTimer/PWM
   81 00000074 00000000        DCD              CTIMER3_IRQHandler ; Standard c
                                                            ounter/timer CTIMER
                                                            3
   82 00000078 00000000        DCD              FLEXCOMM0_IRQHandler ; Flexcomm
                                                             Interface 0 (USART
                                                            , SPI, I2C, FLEXCOM
                                                            M)
   83 0000007C 00000000        DCD              FLEXCOMM1_IRQHandler ; Flexcomm
                                                             Interface 1 (USART
                                                            , SPI, I2C, FLEXCOM
                                                            M)
   84 00000080 00000000        DCD              FLEXCOMM2_IRQHandler ; Flexcomm
                                                             Interface 2 (USART
                                                            , SPI, I2C, FLEXCOM
                                                            M)
   85 00000084 00000000        DCD              FLEXCOMM3_IRQHandler ; Flexcomm
                                                             Interface 3 (USART
                                                            , SPI, I2C, FLEXCOM
                                                            M)
   86 00000088 00000000        DCD              FLEXCOMM4_IRQHandler ; Flexcomm
                                                             Interface 4 (USART
                                                            , SPI, I2C, FLEXCOM
                                                            M)
   87 0000008C 00000000        DCD              FLEXCOMM5_IRQHandler ; Flexcomm
                                                             Interface 5 (USART
                                                            , SPI, I2C,, FLEXCO
                                                            MM)
   88 00000090 00000000        DCD              FLEXCOMM6_IRQHandler ; Flexcomm
                                                             Interface 6 (USART
                                                            , SPI, I2C, I2S,, F
                                                            LEXCOMM)
   89 00000094 00000000        DCD              FLEXCOMM7_IRQHandler ; Flexcomm
                                                             Interface 7 (USART
                                                            , SPI, I2C, I2S,, F
                                                            LEXCOMM)
   90 00000098 00000000        DCD              ADC0_SEQA_IRQHandler ; ADC0 seq
                                                            uence A completion.
                                                            
   91 0000009C 00000000        DCD              ADC0_SEQB_IRQHandler ; ADC0 seq
                                                            uence B completion.
                                                            



ARM Macro Assembler    Page 4 


   92 000000A0 00000000        DCD              ADC0_THCMP_IRQHandler ; ADC0 th
                                                            reshold compare and
                                                             error.
   93 000000A4 00000000        DCD              DMIC0_IRQHandler ; Digital micr
                                                            ophone and DMIC sub
                                                            system
   94 000000A8 00000000        DCD              HWVAD0_IRQHandler ; Hardware Vo
                                                            ice Activity Detect
                                                            or
   95 000000AC 00000000        DCD              USB0_NEEDCLK_IRQHandler ; USB A
                                                            ctivity Wake-up Int
                                                            errupt
   96 000000B0 00000000        DCD              USB0_IRQHandler ; USB device
   97 000000B4 00000000        DCD              RTC_IRQHandler ; RTC alarm and 
                                                            wake-up interrupts
   98 000000B8 00000000        DCD              Reserved46_IRQHandler ; Reserve
                                                            d interrupt
   99 000000BC 00000000        DCD              Reserved47_IRQHandler ; Reserve
                                                            d interrupt
  100 000000C0 00000000        DCD              PIN_INT4_IRQHandler ; Pin inter
                                                            rupt 4 or pattern m
                                                            atch engine slice 4
                                                             int
  101 000000C4 00000000        DCD              PIN_INT5_IRQHandler ; Pin inter
                                                            rupt 5 or pattern m
                                                            atch engine slice 5
                                                             int
  102 000000C8 00000000        DCD              PIN_INT6_IRQHandler ; Pin inter
                                                            rupt 6 or pattern m
                                                            atch engine slice 6
                                                             int
  103 000000CC 00000000        DCD              PIN_INT7_IRQHandler ; Pin inter
                                                            rupt 7 or pattern m
                                                            atch engine slice 7
                                                             int
  104 000000D0 00000000        DCD              CTIMER2_IRQHandler ; Standard c
                                                            ounter/timer CTIMER
                                                            2
  105 000000D4 00000000        DCD              CTIMER4_IRQHandler ; Standard c
                                                            ounter/timer CTIMER
                                                            4
  106 000000D8 00000000        DCD              RIT_IRQHandler ; Repetitive Int
                                                            errupt Timer
  107 000000DC 00000000        DCD              SPIFI0_IRQHandler ; SPI flash i
                                                            nterface
  108 000000E0 00000000        DCD              FLEXCOMM8_IRQHandler ; Flexcomm
                                                             Interface 8 (USART
                                                            , SPI, I2C, FLEXCOM
                                                            M)
  109 000000E4 00000000        DCD              FLEXCOMM9_IRQHandler ; Flexcomm
                                                             Interface 9 (USART
                                                            , SPI, I2C, FLEXCOM
                                                            M)
  110 000000E8 00000000        DCD              SDIO_IRQHandler ; SD/MMC
  111 000000EC 00000000        DCD              CAN0_IRQ0_IRQHandler 
                                                            ; CAN0 interrupt0
  112 000000F0 00000000        DCD              CAN0_IRQ1_IRQHandler 
                                                            ; CAN0 interrupt1
  113 000000F4 00000000        DCD              CAN1_IRQ0_IRQHandler 



ARM Macro Assembler    Page 5 


                                                            ; CAN1 interrupt0
  114 000000F8 00000000        DCD              CAN1_IRQ1_IRQHandler 
                                                            ; CAN1 interrupt1
  115 000000FC 00000000        DCD              USB1_IRQHandler 
                                                            ; USB1 interrupt
  116 00000100 00000000        DCD              USB1_NEEDCLK_IRQHandler 
                                                            ; USB1 activity
  117 00000104 00000000        DCD              ETHERNET_IRQHandler ; Ethernet
  118 00000108 00000000        DCD              ETHERNET_PMT_IRQHandler ; Ether
                                                            net power managemen
                                                            t interrupt
  119 0000010C 00000000        DCD              ETHERNET_MACLP_IRQHandler ; Eth
                                                            ernet MAC interrupt
                                                            
  120 00000110 00000000        DCD              EEPROM_IRQHandler 
                                                            ; EEPROM interrupt
  121 00000114 00000000        DCD              LCD_IRQHandler ; LCD interrupt
  122 00000118 00000000        DCD              SHA_IRQHandler ; SHA interrupt
  123 0000011C 00000000        DCD              SMARTCARD0_IRQHandler ; Smart c
                                                            ard 0 interrupt
  124 00000120 00000000        DCD              SMARTCARD1_IRQHandler ; Smart c
                                                            ard 1 interrupt
  125 00000124         
  126 00000124                 AREA             |.text|, CODE, READONLY
  127 00000000         
  128 00000000         ; Reset Handler
  129 00000000         Reset_Handler
                               PROC
  130 00000000                 EXPORT           Reset_Handler               [WE
AK]
  131 00000000                 IMPORT           SystemInit
  132 00000000                 IMPORT           __main
  133 00000000         
  134 00000000 483F            LDR              r0, =SystemInit
  135 00000002 4780            BLX              r0
  136 00000004 483F            LDR              r0, =__main
  137 00000006 4700            BX               r0
  138 00000008                 ENDP
  139 00000008         
  140 00000008         ; Dummy Exception Handlers (infinite loops which can be 
                       modified)
  141 00000008         NMI_Handler
                               PROC
  142 00000008                 EXPORT           NMI_Handler               [WEAK
]
  143 00000008 E7FE            B                .
  144 0000000A                 ENDP
  145 0000000A         
  147 0000000A         HardFault_Handler
                               PROC
  148 0000000A                 EXPORT           HardFault_Handler         [WEAK
]
  149 0000000A E7FE            B                .
  150 0000000C                 ENDP
  151 0000000C         
  152 0000000C         MemManage_Handler
                               PROC
  153 0000000C                 EXPORT           MemManage_Handler         [WEAK
]



ARM Macro Assembler    Page 6 


  154 0000000C E7FE            B                .
  155 0000000E                 ENDP
  156 0000000E         
  157 0000000E         BusFault_Handler
                               PROC
  158 0000000E                 EXPORT           BusFault_Handler          [WEAK
]
  159 0000000E E7FE            B                .
  160 00000010                 ENDP
  161 00000010         
  162 00000010         UsageFault_Handler
                               PROC
  163 00000010                 EXPORT           UsageFault_Handler        [WEAK
]
  164 00000010 E7FE            B                .
  165 00000012                 ENDP
  166 00000012         
  167 00000012         SVC_Handler
                               PROC
  168 00000012                 EXPORT           SVC_Handler               [WEAK
]
  169 00000012 E7FE            B                .
  170 00000014                 ENDP
  171 00000014         
  172 00000014         DebugMon_Handler
                               PROC
  173 00000014                 EXPORT           DebugMon_Handler          [WEAK
]
  174 00000014 E7FE            B                .
  175 00000016                 ENDP
  176 00000016         
  177 00000016         PendSV_Handler
                               PROC
  178 00000016                 EXPORT           PendSV_Handler            [WEAK
]
  179 00000016 E7FE            B                .
  180 00000018                 ENDP
  181 00000018         
  182 00000018         SysTick_Handler
                               PROC
  183 00000018                 EXPORT           SysTick_Handler           [WEAK
]
  184 00000018 E7FE            B                .
  185 0000001A                 ENDP
  186 0000001A         
  188 0000001A         WDT_BOD_IRQHandler
                               PROC
  189 0000001A                 EXPORT           WDT_BOD_IRQHandler        [WEAK
]
  190 0000001A 483B            LDR              R0, =WDT_BOD_DriverIRQHandler
  191 0000001C 4700            BX               R0
  192 0000001E                 ENDP
  193 0000001E         
  195 0000001E         DMA0_IRQHandler
                               PROC
  196 0000001E                 EXPORT           DMA0_IRQHandler        [WEAK]
  197 0000001E 483B            LDR              R0, =DMA0_DriverIRQHandler
  198 00000020 4700            BX               R0
  199 00000022                 ENDP



ARM Macro Assembler    Page 7 


  200 00000022         
  202 00000022         GINT0_IRQHandler
                               PROC
  203 00000022                 EXPORT           GINT0_IRQHandler        [WEAK]
  204 00000022 483B            LDR              R0, =GINT0_DriverIRQHandler
  205 00000024 4700            BX               R0
  206 00000026                 ENDP
  207 00000026         
  209 00000026         GINT1_IRQHandler
                               PROC
  210 00000026                 EXPORT           GINT1_IRQHandler        [WEAK]
  211 00000026 483B            LDR              R0, =GINT1_DriverIRQHandler
  212 00000028 4700            BX               R0
  213 0000002A                 ENDP
  214 0000002A         
  216 0000002A         PIN_INT0_IRQHandler
                               PROC
  217 0000002A                 EXPORT           PIN_INT0_IRQHandler        [WEA
K]
  218 0000002A 483B            LDR              R0, =PIN_INT0_DriverIRQHandler
  219 0000002C 4700            BX               R0
  220 0000002E                 ENDP
  221 0000002E         
  223 0000002E         PIN_INT1_IRQHandler
                               PROC
  224 0000002E                 EXPORT           PIN_INT1_IRQHandler        [WEA
K]
  225 0000002E 483B            LDR              R0, =PIN_INT1_DriverIRQHandler
  226 00000030 4700            BX               R0
  227 00000032                 ENDP
  228 00000032         
  230 00000032         PIN_INT2_IRQHandler
                               PROC
  231 00000032                 EXPORT           PIN_INT2_IRQHandler        [WEA
K]
  232 00000032 483B            LDR              R0, =PIN_INT2_DriverIRQHandler
  233 00000034 4700            BX               R0
  234 00000036                 ENDP
  235 00000036         
  237 00000036         PIN_INT3_IRQHandler
                               PROC
  238 00000036                 EXPORT           PIN_INT3_IRQHandler        [WEA
K]
  239 00000036 483B            LDR              R0, =PIN_INT3_DriverIRQHandler
  240 00000038 4700            BX               R0
  241 0000003A                 ENDP
  242 0000003A         
  244 0000003A         UTICK0_IRQHandler
                               PROC
  245 0000003A                 EXPORT           UTICK0_IRQHandler        [WEAK]
  246 0000003A 483B            LDR              R0, =UTICK0_DriverIRQHandler
  247 0000003C 4700            BX               R0
  248 0000003E                 ENDP
  249 0000003E         
  251 0000003E         MRT0_IRQHandler
                               PROC
  252 0000003E                 EXPORT           MRT0_IRQHandler        [WEAK]
  253 0000003E 483B            LDR              R0, =MRT0_DriverIRQHandler
  254 00000040 4700            BX               R0



ARM Macro Assembler    Page 8 


  255 00000042                 ENDP
  256 00000042         
  258 00000042         CTIMER0_IRQHandler
                               PROC
  259 00000042                 EXPORT           CTIMER0_IRQHandler        [WEAK
]
  260 00000042 483B            LDR              R0, =CTIMER0_DriverIRQHandler
  261 00000044 4700            BX               R0
  262 00000046                 ENDP
  263 00000046         
  265 00000046         CTIMER1_IRQHandler
                               PROC
  266 00000046                 EXPORT           CTIMER1_IRQHandler        [WEAK
]
  267 00000046 483B            LDR              R0, =CTIMER1_DriverIRQHandler
  268 00000048 4700            BX               R0
  269 0000004A                 ENDP
  270 0000004A         
  272 0000004A         SCT0_IRQHandler
                               PROC
  273 0000004A                 EXPORT           SCT0_IRQHandler        [WEAK]
  274 0000004A 483B            LDR              R0, =SCT0_DriverIRQHandler
  275 0000004C 4700            BX               R0
  276 0000004E                 ENDP
  277 0000004E         
  279 0000004E         CTIMER3_IRQHandler
                               PROC
  280 0000004E                 EXPORT           CTIMER3_IRQHandler        [WEAK
]
  281 0000004E 483B            LDR              R0, =CTIMER3_DriverIRQHandler
  282 00000050 4700            BX               R0
  283 00000052                 ENDP
  284 00000052         
  286 00000052         FLEXCOMM0_IRQHandler
                               PROC
  287 00000052                 EXPORT           FLEXCOMM0_IRQHandler        [WE
AK]
  288 00000052 483B            LDR              R0, =FLEXCOMM0_DriverIRQHandler
  289 00000054 4700            BX               R0
  290 00000056                 ENDP
  291 00000056         
  293 00000056         FLEXCOMM1_IRQHandler
                               PROC
  294 00000056                 EXPORT           FLEXCOMM1_IRQHandler        [WE
AK]
  295 00000056 483B            LDR              R0, =FLEXCOMM1_DriverIRQHandler
  296 00000058 4700            BX               R0
  297 0000005A                 ENDP
  298 0000005A         
  300 0000005A         FLEXCOMM2_IRQHandler
                               PROC
  301 0000005A                 EXPORT           FLEXCOMM2_IRQHandler        [WE
AK]
  302 0000005A 483B            LDR              R0, =FLEXCOMM2_DriverIRQHandler
  303 0000005C 4700            BX               R0
  304 0000005E                 ENDP
  305 0000005E         
  307 0000005E         FLEXCOMM3_IRQHandler
                               PROC



ARM Macro Assembler    Page 9 


  308 0000005E                 EXPORT           FLEXCOMM3_IRQHandler        [WE
AK]
  309 0000005E 483B            LDR              R0, =FLEXCOMM3_DriverIRQHandler
  310 00000060 4700            BX               R0
  311 00000062                 ENDP
  312 00000062         
  314 00000062         FLEXCOMM4_IRQHandler
                               PROC
  315 00000062                 EXPORT           FLEXCOMM4_IRQHandler        [WE
AK]
  316 00000062 483B            LDR              R0, =FLEXCOMM4_DriverIRQHandler
  317 00000064 4700            BX               R0
  318 00000066                 ENDP
  319 00000066         
  321 00000066         FLEXCOMM5_IRQHandler
                               PROC
  322 00000066                 EXPORT           FLEXCOMM5_IRQHandler        [WE
AK]
  323 00000066 483B            LDR              R0, =FLEXCOMM5_DriverIRQHandler
  324 00000068 4700            BX               R0
  325 0000006A                 ENDP
  326 0000006A         
  328 0000006A         FLEXCOMM6_IRQHandler
                               PROC
  329 0000006A                 EXPORT           FLEXCOMM6_IRQHandler        [WE
AK]
  330 0000006A 483B            LDR              R0, =FLEXCOMM6_DriverIRQHandler
  331 0000006C 4700            BX               R0
  332 0000006E                 ENDP
  333 0000006E         
  335 0000006E         FLEXCOMM7_IRQHandler
                               PROC
  336 0000006E                 EXPORT           FLEXCOMM7_IRQHandler        [WE
AK]
  337 0000006E 483B            LDR              R0, =FLEXCOMM7_DriverIRQHandler
  338 00000070 4700            BX               R0
  339 00000072                 ENDP
  340 00000072         
  342 00000072         ADC0_SEQA_IRQHandler
                               PROC
  343 00000072                 EXPORT           ADC0_SEQA_IRQHandler        [WE
AK]
  344 00000072 483B            LDR              R0, =ADC0_SEQA_DriverIRQHandler
  345 00000074 4700            BX               R0
  346 00000076                 ENDP
  347 00000076         
  349 00000076         ADC0_SEQB_IRQHandler
                               PROC
  350 00000076                 EXPORT           ADC0_SEQB_IRQHandler        [WE
AK]
  351 00000076 483B            LDR              R0, =ADC0_SEQB_DriverIRQHandler
  352 00000078 4700            BX               R0
  353 0000007A                 ENDP
  354 0000007A         
  356 0000007A         ADC0_THCMP_IRQHandler
                               PROC
  357 0000007A                 EXPORT           ADC0_THCMP_IRQHandler        [W
EAK]
  358 0000007A 483B            LDR              R0, =ADC0_THCMP_DriverIRQHandle



ARM Macro Assembler    Page 10 


r
  359 0000007C 4700            BX               R0
  360 0000007E                 ENDP
  361 0000007E         
  363 0000007E         DMIC0_IRQHandler
                               PROC
  364 0000007E                 EXPORT           DMIC0_IRQHandler        [WEAK]
  365 0000007E 483B            LDR              R0, =DMIC0_DriverIRQHandler
  366 00000080 4700            BX               R0
  367 00000082                 ENDP
  368 00000082         
  370 00000082         HWVAD0_IRQHandler
                               PROC
  371 00000082                 EXPORT           HWVAD0_IRQHandler        [WEAK]
  372 00000082 483B            LDR              R0, =HWVAD0_DriverIRQHandler
  373 00000084 4700            BX               R0
  374 00000086                 ENDP
  375 00000086         
  377 00000086         USB0_NEEDCLK_IRQHandler
                               PROC
  378 00000086                 EXPORT           USB0_NEEDCLK_IRQHandler        
[WEAK]
  379 00000086 483B            LDR              R0, =USB0_NEEDCLK_DriverIRQHand
ler
  380 00000088 4700            BX               R0
  381 0000008A                 ENDP
  382 0000008A         
  384 0000008A         USB0_IRQHandler
                               PROC
  385 0000008A                 EXPORT           USB0_IRQHandler        [WEAK]
  386 0000008A 483B            LDR              R0, =USB0_DriverIRQHandler
  387 0000008C 4700            BX               R0
  388 0000008E                 ENDP
  389 0000008E         
  391 0000008E         RTC_IRQHandler
                               PROC
  392 0000008E                 EXPORT           RTC_IRQHandler        [WEAK]
  393 0000008E 483B            LDR              R0, =RTC_DriverIRQHandler
  394 00000090 4700            BX               R0
  395 00000092                 ENDP
  396 00000092         
  398 00000092         Reserved46_IRQHandler
                               PROC
  399 00000092                 EXPORT           Reserved46_IRQHandler        [W
EAK]
  400 00000092 483B            LDR              R0, =Reserved46_DriverIRQHandle
r
  401 00000094 4700            BX               R0
  402 00000096                 ENDP
  403 00000096         
  405 00000096         Reserved47_IRQHandler
                               PROC
  406 00000096                 EXPORT           Reserved47_IRQHandler        [W
EAK]
  407 00000096 483B            LDR              R0, =Reserved47_DriverIRQHandle
r
  408 00000098 4700            BX               R0
  409 0000009A                 ENDP
  410 0000009A         



ARM Macro Assembler    Page 11 


  412 0000009A         PIN_INT4_IRQHandler
                               PROC
  413 0000009A                 EXPORT           PIN_INT4_IRQHandler        [WEA
K]
  414 0000009A 483B            LDR              R0, =PIN_INT4_DriverIRQHandler
  415 0000009C 4700            BX               R0
  416 0000009E                 ENDP
  417 0000009E         
  419 0000009E         PIN_INT5_IRQHandler
                               PROC
  420 0000009E                 EXPORT           PIN_INT5_IRQHandler        [WEA
K]
  421 0000009E 483B            LDR              R0, =PIN_INT5_DriverIRQHandler
  422 000000A0 4700            BX               R0
  423 000000A2                 ENDP
  424 000000A2         
  426 000000A2         PIN_INT6_IRQHandler
                               PROC
  427 000000A2                 EXPORT           PIN_INT6_IRQHandler        [WEA
K]
  428 000000A2 483B            LDR              R0, =PIN_INT6_DriverIRQHandler
  429 000000A4 4700            BX               R0
  430 000000A6                 ENDP
  431 000000A6         
  433 000000A6         PIN_INT7_IRQHandler
                               PROC
  434 000000A6                 EXPORT           PIN_INT7_IRQHandler        [WEA
K]
  435 000000A6 483B            LDR              R0, =PIN_INT7_DriverIRQHandler
  436 000000A8 4700            BX               R0
  437 000000AA                 ENDP
  438 000000AA         
  440 000000AA         CTIMER2_IRQHandler
                               PROC
  441 000000AA                 EXPORT           CTIMER2_IRQHandler        [WEAK
]
  442 000000AA 483B            LDR              R0, =CTIMER2_DriverIRQHandler
  443 000000AC 4700            BX               R0
  444 000000AE                 ENDP
  445 000000AE         
  447 000000AE         CTIMER4_IRQHandler
                               PROC
  448 000000AE                 EXPORT           CTIMER4_IRQHandler        [WEAK
]
  449 000000AE 483B            LDR              R0, =CTIMER4_DriverIRQHandler
  450 000000B0 4700            BX               R0
  451 000000B2                 ENDP
  452 000000B2         
  454 000000B2         RIT_IRQHandler
                               PROC
  455 000000B2                 EXPORT           RIT_IRQHandler        [WEAK]
  456 000000B2 483B            LDR              R0, =RIT_DriverIRQHandler
  457 000000B4 4700            BX               R0
  458 000000B6                 ENDP
  459 000000B6         
  461 000000B6         SPIFI0_IRQHandler
                               PROC
  462 000000B6                 EXPORT           SPIFI0_IRQHandler        [WEAK]
  463 000000B6 483B            LDR              R0, =SPIFI0_DriverIRQHandler



ARM Macro Assembler    Page 12 


  464 000000B8 4700            BX               R0
  465 000000BA                 ENDP
  466 000000BA         
  468 000000BA         FLEXCOMM8_IRQHandler
                               PROC
  469 000000BA                 EXPORT           FLEXCOMM8_IRQHandler        [WE
AK]
  470 000000BA 483B            LDR              R0, =FLEXCOMM8_DriverIRQHandler
  471 000000BC 4700            BX               R0
  472 000000BE                 ENDP
  473 000000BE         
  475 000000BE         FLEXCOMM9_IRQHandler
                               PROC
  476 000000BE                 EXPORT           FLEXCOMM9_IRQHandler        [WE
AK]
  477 000000BE 483B            LDR              R0, =FLEXCOMM9_DriverIRQHandler
  478 000000C0 4700            BX               R0
  479 000000C2                 ENDP
  480 000000C2         
  482 000000C2         SDIO_IRQHandler
                               PROC
  483 000000C2                 EXPORT           SDIO_IRQHandler        [WEAK]
  484 000000C2 483B            LDR              R0, =SDIO_DriverIRQHandler
  485 000000C4 4700            BX               R0
  486 000000C6                 ENDP
  487 000000C6         
  489 000000C6         CAN0_IRQ0_IRQHandler
                               PROC
  490 000000C6                 EXPORT           CAN0_IRQ0_IRQHandler        [WE
AK]
  491 000000C6 483B            LDR              R0, =CAN0_IRQ0_DriverIRQHandler
  492 000000C8 4700            BX               R0
  493 000000CA                 ENDP
  494 000000CA         
  496 000000CA         CAN0_IRQ1_IRQHandler
                               PROC
  497 000000CA                 EXPORT           CAN0_IRQ1_IRQHandler        [WE
AK]
  498 000000CA 483B            LDR              R0, =CAN0_IRQ1_DriverIRQHandler
  499 000000CC 4700            BX               R0
  500 000000CE                 ENDP
  501 000000CE         
  503 000000CE         CAN1_IRQ0_IRQHandler
                               PROC
  504 000000CE                 EXPORT           CAN1_IRQ0_IRQHandler        [WE
AK]
  505 000000CE 483B            LDR              R0, =CAN1_IRQ0_DriverIRQHandler
  506 000000D0 4700            BX               R0
  507 000000D2                 ENDP
  508 000000D2         
  510 000000D2         CAN1_IRQ1_IRQHandler
                               PROC
  511 000000D2                 EXPORT           CAN1_IRQ1_IRQHandler        [WE
AK]
  512 000000D2 483B            LDR              R0, =CAN1_IRQ1_DriverIRQHandler
  513 000000D4 4700            BX               R0
  514 000000D6                 ENDP
  515 000000D6         
  517 000000D6         USB1_IRQHandler



ARM Macro Assembler    Page 13 


                               PROC
  518 000000D6                 EXPORT           USB1_IRQHandler        [WEAK]
  519 000000D6 483B            LDR              R0, =USB1_DriverIRQHandler
  520 000000D8 4700            BX               R0
  521 000000DA                 ENDP
  522 000000DA         
  524 000000DA         USB1_NEEDCLK_IRQHandler
                               PROC
  525 000000DA                 EXPORT           USB1_NEEDCLK_IRQHandler        
[WEAK]
  526 000000DA 483B            LDR              R0, =USB1_NEEDCLK_DriverIRQHand
ler
  527 000000DC 4700            BX               R0
  528 000000DE                 ENDP
  529 000000DE         
  531 000000DE         ETHERNET_IRQHandler
                               PROC
  532 000000DE                 EXPORT           ETHERNET_IRQHandler        [WEA
K]
  533 000000DE 483B            LDR              R0, =ETHERNET_DriverIRQHandler
  534 000000E0 4700            BX               R0
  535 000000E2                 ENDP
  536 000000E2         
  538 000000E2         ETHERNET_PMT_IRQHandler
                               PROC
  539 000000E2                 EXPORT           ETHERNET_PMT_IRQHandler        
[WEAK]
  540 000000E2 483B            LDR              R0, =ETHERNET_PMT_DriverIRQHand
ler
  541 000000E4 4700            BX               R0
  542 000000E6                 ENDP
  543 000000E6         
  545 000000E6         ETHERNET_MACLP_IRQHandler
                               PROC
  546 000000E6                 EXPORT           ETHERNET_MACLP_IRQHandler      
  [WEAK]
  547 000000E6 483B            LDR              R0, =ETHERNET_MACLP_DriverIRQHa
ndler
  548 000000E8 4700            BX               R0
  549 000000EA                 ENDP
  550 000000EA         
  552 000000EA         EEPROM_IRQHandler
                               PROC
  553 000000EA                 EXPORT           EEPROM_IRQHandler        [WEAK]
  554 000000EA 483B            LDR              R0, =EEPROM_DriverIRQHandler
  555 000000EC 4700            BX               R0
  556 000000EE                 ENDP
  557 000000EE         
  559 000000EE         LCD_IRQHandler
                               PROC
  560 000000EE                 EXPORT           LCD_IRQHandler        [WEAK]
  561 000000EE 483B            LDR              R0, =LCD_DriverIRQHandler
  562 000000F0 4700            BX               R0
  563 000000F2                 ENDP
  564 000000F2         
  566 000000F2         SHA_IRQHandler
                               PROC
  567 000000F2                 EXPORT           SHA_IRQHandler        [WEAK]
  568 000000F2 483B            LDR              R0, =SHA_DriverIRQHandler



ARM Macro Assembler    Page 14 


  569 000000F4 4700            BX               R0
  570 000000F6                 ENDP
  571 000000F6         
  573 000000F6         SMARTCARD0_IRQHandler
                               PROC
  574 000000F6                 EXPORT           SMARTCARD0_IRQHandler        [W
EAK]
  575 000000F6 483B            LDR              R0, =SMARTCARD0_DriverIRQHandle
r
  576 000000F8 4700            BX               R0
  577 000000FA                 ENDP
  578 000000FA         
  580 000000FA         SMARTCARD1_IRQHandler
                               PROC
  581 000000FA                 EXPORT           SMARTCARD1_IRQHandler        [W
EAK]
  582 000000FA 483B            LDR              R0, =SMARTCARD1_DriverIRQHandle
r
  583 000000FC 4700            BX               R0
  584 000000FE                 ENDP
  585 000000FE         
  586 000000FE         Default_Handler
                               PROC
  587 000000FE                 EXPORT           WDT_BOD_DriverIRQHandler       
 [WEAK]
  588 000000FE                 EXPORT           DMA0_DriverIRQHandler        [W
EAK]
  589 000000FE                 EXPORT           GINT0_DriverIRQHandler        [
WEAK]
  590 000000FE                 EXPORT           GINT1_DriverIRQHandler        [
WEAK]
  591 000000FE                 EXPORT           PIN_INT0_DriverIRQHandler      
  [WEAK]
  592 000000FE                 EXPORT           PIN_INT1_DriverIRQHandler      
  [WEAK]
  593 000000FE                 EXPORT           PIN_INT2_DriverIRQHandler      
  [WEAK]
  594 000000FE                 EXPORT           PIN_INT3_DriverIRQHandler      
  [WEAK]
  595 000000FE                 EXPORT           UTICK0_DriverIRQHandler        
[WEAK]
  596 000000FE                 EXPORT           MRT0_DriverIRQHandler        [W
EAK]
  597 000000FE                 EXPORT           CTIMER0_DriverIRQHandler       
 [WEAK]
  598 000000FE                 EXPORT           CTIMER1_DriverIRQHandler       
 [WEAK]
  599 000000FE                 EXPORT           SCT0_DriverIRQHandler        [W
EAK]
  600 000000FE                 EXPORT           CTIMER3_DriverIRQHandler       
 [WEAK]
  601 000000FE                 EXPORT           FLEXCOMM0_DriverIRQHandler     
   [WEAK]
  602 000000FE                 EXPORT           FLEXCOMM1_DriverIRQHandler     
   [WEAK]
  603 000000FE                 EXPORT           FLEXCOMM2_DriverIRQHandler     
   [WEAK]
  604 000000FE                 EXPORT           FLEXCOMM3_DriverIRQHandler     
   [WEAK]



ARM Macro Assembler    Page 15 


  605 000000FE                 EXPORT           FLEXCOMM4_DriverIRQHandler     
   [WEAK]
  606 000000FE                 EXPORT           FLEXCOMM5_DriverIRQHandler     
   [WEAK]
  607 000000FE                 EXPORT           FLEXCOMM6_DriverIRQHandler     
   [WEAK]
  608 000000FE                 EXPORT           FLEXCOMM7_DriverIRQHandler     
   [WEAK]
  609 000000FE                 EXPORT           ADC0_SEQA_DriverIRQHandler     
   [WEAK]
  610 000000FE                 EXPORT           ADC0_SEQB_DriverIRQHandler     
   [WEAK]
  611 000000FE                 EXPORT           ADC0_THCMP_DriverIRQHandler    
    [WEAK]
  612 000000FE                 EXPORT           DMIC0_DriverIRQHandler        [
WEAK]
  613 000000FE                 EXPORT           HWVAD0_DriverIRQHandler        
[WEAK]
  614 000000FE                 EXPORT           USB0_NEEDCLK_DriverIRQHandler  
      [WEAK]
  615 000000FE                 EXPORT           USB0_DriverIRQHandler        [W
EAK]
  616 000000FE                 EXPORT           RTC_DriverIRQHandler        [WE
AK]
  617 000000FE                 EXPORT           Reserved46_DriverIRQHandler    
    [WEAK]
  618 000000FE                 EXPORT           Reserved47_DriverIRQHandler    
    [WEAK]
  619 000000FE                 EXPORT           PIN_INT4_DriverIRQHandler      
  [WEAK]
  620 000000FE                 EXPORT           PIN_INT5_DriverIRQHandler      
  [WEAK]
  621 000000FE                 EXPORT           PIN_INT6_DriverIRQHandler      
  [WEAK]
  622 000000FE                 EXPORT           PIN_INT7_DriverIRQHandler      
  [WEAK]
  623 000000FE                 EXPORT           CTIMER2_DriverIRQHandler       
 [WEAK]
  624 000000FE                 EXPORT           CTIMER4_DriverIRQHandler       
 [WEAK]
  625 000000FE                 EXPORT           RIT_DriverIRQHandler        [WE
AK]
  626 000000FE                 EXPORT           SPIFI0_DriverIRQHandler        
[WEAK]
  627 000000FE                 EXPORT           FLEXCOMM8_DriverIRQHandler     
   [WEAK]
  628 000000FE                 EXPORT           FLEXCOMM9_DriverIRQHandler     
   [WEAK]
  629 000000FE                 EXPORT           SDIO_DriverIRQHandler        [W
EAK]
  630 000000FE                 EXPORT           CAN0_IRQ0_DriverIRQHandler     
   [WEAK]
  631 000000FE                 EXPORT           CAN0_IRQ1_DriverIRQHandler     
   [WEAK]
  632 000000FE                 EXPORT           CAN1_IRQ0_DriverIRQHandler     
   [WEAK]
  633 000000FE                 EXPORT           CAN1_IRQ1_DriverIRQHandler     
   [WEAK]
  634 000000FE                 EXPORT           USB1_DriverIRQHandler        [W



ARM Macro Assembler    Page 16 


EAK]
  635 000000FE                 EXPORT           USB1_NEEDCLK_DriverIRQHandler  
      [WEAK]
  636 000000FE                 EXPORT           ETHERNET_DriverIRQHandler      
  [WEAK]
  637 000000FE                 EXPORT           ETHERNET_PMT_DriverIRQHandler  
      [WEAK]
  638 000000FE                 EXPORT           ETHERNET_MACLP_DriverIRQHandler
        [WEAK]
  639 000000FE                 EXPORT           EEPROM_DriverIRQHandler        
[WEAK]
  640 000000FE                 EXPORT           LCD_DriverIRQHandler        [WE
AK]
  641 000000FE                 EXPORT           SHA_DriverIRQHandler        [WE
AK]
  642 000000FE                 EXPORT           SMARTCARD0_DriverIRQHandler    
    [WEAK]
  643 000000FE                 EXPORT           SMARTCARD1_DriverIRQHandler    
    [WEAK]
  644 000000FE         
  645 000000FE         WDT_BOD_DriverIRQHandler
  646 000000FE         DMA0_DriverIRQHandler
  647 000000FE         GINT0_DriverIRQHandler
  648 000000FE         GINT1_DriverIRQHandler
  649 000000FE         PIN_INT0_DriverIRQHandler
  650 000000FE         PIN_INT1_DriverIRQHandler
  651 000000FE         PIN_INT2_DriverIRQHandler
  652 000000FE         PIN_INT3_DriverIRQHandler
  653 000000FE         UTICK0_DriverIRQHandler
  654 000000FE         MRT0_DriverIRQHandler
  655 000000FE         CTIMER0_DriverIRQHandler
  656 000000FE         CTIMER1_DriverIRQHandler
  657 000000FE         SCT0_DriverIRQHandler
  658 000000FE         CTIMER3_DriverIRQHandler
  659 000000FE         FLEXCOMM0_DriverIRQHandler
  660 000000FE         FLEXCOMM1_DriverIRQHandler
  661 000000FE         FLEXCOMM2_DriverIRQHandler
  662 000000FE         FLEXCOMM3_DriverIRQHandler
  663 000000FE         FLEXCOMM4_DriverIRQHandler
  664 000000FE         FLEXCOMM5_DriverIRQHandler
  665 000000FE         FLEXCOMM6_DriverIRQHandler
  666 000000FE         FLEXCOMM7_DriverIRQHandler
  667 000000FE         ADC0_SEQA_DriverIRQHandler
  668 000000FE         ADC0_SEQB_DriverIRQHandler
  669 000000FE         ADC0_THCMP_DriverIRQHandler
  670 000000FE         DMIC0_DriverIRQHandler
  671 000000FE         HWVAD0_DriverIRQHandler
  672 000000FE         USB0_NEEDCLK_DriverIRQHandler
  673 000000FE         USB0_DriverIRQHandler
  674 000000FE         RTC_DriverIRQHandler
  675 000000FE         Reserved46_DriverIRQHandler
  676 000000FE         Reserved47_DriverIRQHandler
  677 000000FE         PIN_INT4_DriverIRQHandler
  678 000000FE         PIN_INT5_DriverIRQHandler
  679 000000FE         PIN_INT6_DriverIRQHandler
  680 000000FE         PIN_INT7_DriverIRQHandler
  681 000000FE         CTIMER2_DriverIRQHandler
  682 000000FE         CTIMER4_DriverIRQHandler
  683 000000FE         RIT_DriverIRQHandler



ARM Macro Assembler    Page 17 


  684 000000FE         SPIFI0_DriverIRQHandler
  685 000000FE         FLEXCOMM8_DriverIRQHandler
  686 000000FE         FLEXCOMM9_DriverIRQHandler
  687 000000FE         SDIO_DriverIRQHandler
  688 000000FE         CAN0_IRQ0_DriverIRQHandler
  689 000000FE         CAN0_IRQ1_DriverIRQHandler
  690 000000FE         CAN1_IRQ0_DriverIRQHandler
  691 000000FE         CAN1_IRQ1_DriverIRQHandler
  692 000000FE         USB1_DriverIRQHandler
  693 000000FE         USB1_NEEDCLK_DriverIRQHandler
  694 000000FE         ETHERNET_DriverIRQHandler
  695 000000FE         ETHERNET_PMT_DriverIRQHandler
  696 000000FE         ETHERNET_MACLP_DriverIRQHandler
  697 000000FE         EEPROM_DriverIRQHandler
  698 000000FE         LCD_DriverIRQHandler
  699 000000FE         SHA_DriverIRQHandler
  700 000000FE         SMARTCARD0_DriverIRQHandler
  701 000000FE         SMARTCARD1_DriverIRQHandler
  702 000000FE         
  703 000000FE E7FE            B                .
  704 00000100         
  705 00000100                 ENDP
  706 00000100         
  707 00000100         
  708 00000100                 ALIGN
  709 00000100         
  710 00000100         
  711 00000100                 END
              00000000 
              00000000 
              00000000 
              00000000 
              00000000 
              00000000 
              00000000 
              00000000 
              00000000 
              00000000 
              00000000 
              00000000 
              00000000 
              00000000 
              00000000 
              00000000 
              00000000 
              00000000 
              00000000 
              00000000 
              00000000 
              00000000 
              00000000 
              00000000 
              00000000 
              00000000 
              00000000 
              00000000 
              00000000 
              00000000 
              00000000 



ARM Macro Assembler    Page 18 


              00000000 
              00000000 
              00000000 
              00000000 
              00000000 
              00000000 
              00000000 
              00000000 
              00000000 
              00000000 
              00000000 
              00000000 
              00000000 
              00000000 
              00000000 
              00000000 
              00000000 
              00000000 
              00000000 
              00000000 
              00000000 
              00000000 
              00000000 
              00000000 
              00000000 
              00000000 
              00000000 
              00000000 
Command Line: --debug --xref --diag_suppress=9931 --cpu=Cortex-M4.fp --apcs=int
erwork --depend=debug\startup_lpc54608.d -odebug\startup_lpc54608.o -I.\RTE\_La
b6 -IC:\Keil_v5\ARM\PACK\Keil\LPC54000_DFP\2.2.0\LPCOpen\lpc5460x\chip_5460x\in
c -IC:\Keil_v5\ARM\CMSIS\Include --predefine="__MICROLIB SETA 1" --predefine="_
_UVISION_VERSION SETA 523" --predefine="CHIP_LPC5460X SETA 1" --predefine="CPU_
LPC54114J256_M4 SETA 1" --predefine="DEBUG SETA 1" --predefine="__CC_ARM SETA 1
" --predefine="KEIL SETA 1" --list=.\output\startup_lpc54608.lst SRC\System\sta
rtup_LPC54608.s



ARM Macro Assembler    Page 1 Alphabetic symbol ordering
Relocatable symbols

RESET 00000000

Symbol: RESET
   Definitions
      At line 44 in file SRC\System\startup_LPC54608.s
   Uses
      None
Comment: RESET unused
__Vectors 00000000

Symbol: __Vectors
   Definitions
      At line 48 in file SRC\System\startup_LPC54608.s
   Uses
      At line 45 in file SRC\System\startup_LPC54608.s
Comment: __Vectors used once
__vector_table_0x1c 0000001C

Symbol: __vector_table_0x1c
   Definitions
      At line 56 in file SRC\System\startup_LPC54608.s
   Uses
      None
Comment: __vector_table_0x1c unused
3 symbols



ARM Macro Assembler    Page 1 Alphabetic symbol ordering
Relocatable symbols

.text 00000000

Symbol: .text
   Definitions
      At line 126 in file SRC\System\startup_LPC54608.s
   Uses
      None
Comment: .text unused
ADC0_SEQA_DriverIRQHandler 000000FE

Symbol: ADC0_SEQA_DriverIRQHandler
   Definitions
      At line 667 in file SRC\System\startup_LPC54608.s
   Uses
      At line 344 in file SRC\System\startup_LPC54608.s
      At line 609 in file SRC\System\startup_LPC54608.s

ADC0_SEQA_IRQHandler 00000072

Symbol: ADC0_SEQA_IRQHandler
   Definitions
      At line 342 in file SRC\System\startup_LPC54608.s
   Uses
      At line 90 in file SRC\System\startup_LPC54608.s
      At line 343 in file SRC\System\startup_LPC54608.s

ADC0_SEQB_DriverIRQHandler 000000FE

Symbol: ADC0_SEQB_DriverIRQHandler
   Definitions
      At line 668 in file SRC\System\startup_LPC54608.s
   Uses
      At line 351 in file SRC\System\startup_LPC54608.s
      At line 610 in file SRC\System\startup_LPC54608.s

ADC0_SEQB_IRQHandler 00000076

Symbol: ADC0_SEQB_IRQHandler
   Definitions
      At line 349 in file SRC\System\startup_LPC54608.s
   Uses
      At line 91 in file SRC\System\startup_LPC54608.s
      At line 350 in file SRC\System\startup_LPC54608.s

ADC0_THCMP_DriverIRQHandler 000000FE

Symbol: ADC0_THCMP_DriverIRQHandler
   Definitions
      At line 669 in file SRC\System\startup_LPC54608.s
   Uses
      At line 358 in file SRC\System\startup_LPC54608.s
      At line 611 in file SRC\System\startup_LPC54608.s

ADC0_THCMP_IRQHandler 0000007A

Symbol: ADC0_THCMP_IRQHandler
   Definitions
      At line 356 in file SRC\System\startup_LPC54608.s
   Uses



ARM Macro Assembler    Page 2 Alphabetic symbol ordering
Relocatable symbols

      At line 92 in file SRC\System\startup_LPC54608.s
      At line 357 in file SRC\System\startup_LPC54608.s

BusFault_Handler 0000000E

Symbol: BusFault_Handler
   Definitions
      At line 157 in file SRC\System\startup_LPC54608.s
   Uses
      At line 54 in file SRC\System\startup_LPC54608.s
      At line 158 in file SRC\System\startup_LPC54608.s

CAN0_IRQ0_DriverIRQHandler 000000FE

Symbol: CAN0_IRQ0_DriverIRQHandler
   Definitions
      At line 688 in file SRC\System\startup_LPC54608.s
   Uses
      At line 491 in file SRC\System\startup_LPC54608.s
      At line 630 in file SRC\System\startup_LPC54608.s

CAN0_IRQ0_IRQHandler 000000C6

Symbol: CAN0_IRQ0_IRQHandler
   Definitions
      At line 489 in file SRC\System\startup_LPC54608.s
   Uses
      At line 111 in file SRC\System\startup_LPC54608.s
      At line 490 in file SRC\System\startup_LPC54608.s

CAN0_IRQ1_DriverIRQHandler 000000FE

Symbol: CAN0_IRQ1_DriverIRQHandler
   Definitions
      At line 689 in file SRC\System\startup_LPC54608.s
   Uses
      At line 498 in file SRC\System\startup_LPC54608.s
      At line 631 in file SRC\System\startup_LPC54608.s

CAN0_IRQ1_IRQHandler 000000CA

Symbol: CAN0_IRQ1_IRQHandler
   Definitions
      At line 496 in file SRC\System\startup_LPC54608.s
   Uses
      At line 112 in file SRC\System\startup_LPC54608.s
      At line 497 in file SRC\System\startup_LPC54608.s

CAN1_IRQ0_DriverIRQHandler 000000FE

Symbol: CAN1_IRQ0_DriverIRQHandler
   Definitions
      At line 690 in file SRC\System\startup_LPC54608.s
   Uses
      At line 505 in file SRC\System\startup_LPC54608.s
      At line 632 in file SRC\System\startup_LPC54608.s

CAN1_IRQ0_IRQHandler 000000CE




ARM Macro Assembler    Page 3 Alphabetic symbol ordering
Relocatable symbols

Symbol: CAN1_IRQ0_IRQHandler
   Definitions
      At line 503 in file SRC\System\startup_LPC54608.s
   Uses
      At line 113 in file SRC\System\startup_LPC54608.s
      At line 504 in file SRC\System\startup_LPC54608.s

CAN1_IRQ1_DriverIRQHandler 000000FE

Symbol: CAN1_IRQ1_DriverIRQHandler
   Definitions
      At line 691 in file SRC\System\startup_LPC54608.s
   Uses
      At line 512 in file SRC\System\startup_LPC54608.s
      At line 633 in file SRC\System\startup_LPC54608.s

CAN1_IRQ1_IRQHandler 000000D2

Symbol: CAN1_IRQ1_IRQHandler
   Definitions
      At line 510 in file SRC\System\startup_LPC54608.s
   Uses
      At line 114 in file SRC\System\startup_LPC54608.s
      At line 511 in file SRC\System\startup_LPC54608.s

CTIMER0_DriverIRQHandler 000000FE

Symbol: CTIMER0_DriverIRQHandler
   Definitions
      At line 655 in file SRC\System\startup_LPC54608.s
   Uses
      At line 260 in file SRC\System\startup_LPC54608.s
      At line 597 in file SRC\System\startup_LPC54608.s

CTIMER0_IRQHandler 00000042

Symbol: CTIMER0_IRQHandler
   Definitions
      At line 258 in file SRC\System\startup_LPC54608.s
   Uses
      At line 78 in file SRC\System\startup_LPC54608.s
      At line 259 in file SRC\System\startup_LPC54608.s

CTIMER1_DriverIRQHandler 000000FE

Symbol: CTIMER1_DriverIRQHandler
   Definitions
      At line 656 in file SRC\System\startup_LPC54608.s
   Uses
      At line 267 in file SRC\System\startup_LPC54608.s
      At line 598 in file SRC\System\startup_LPC54608.s

CTIMER1_IRQHandler 00000046

Symbol: CTIMER1_IRQHandler
   Definitions
      At line 265 in file SRC\System\startup_LPC54608.s
   Uses
      At line 79 in file SRC\System\startup_LPC54608.s



ARM Macro Assembler    Page 4 Alphabetic symbol ordering
Relocatable symbols

      At line 266 in file SRC\System\startup_LPC54608.s

CTIMER2_DriverIRQHandler 000000FE

Symbol: CTIMER2_DriverIRQHandler
   Definitions
      At line 681 in file SRC\System\startup_LPC54608.s
   Uses
      At line 442 in file SRC\System\startup_LPC54608.s
      At line 623 in file SRC\System\startup_LPC54608.s

CTIMER2_IRQHandler 000000AA

Symbol: CTIMER2_IRQHandler
   Definitions
      At line 440 in file SRC\System\startup_LPC54608.s
   Uses
      At line 104 in file SRC\System\startup_LPC54608.s
      At line 441 in file SRC\System\startup_LPC54608.s

CTIMER3_DriverIRQHandler 000000FE

Symbol: CTIMER3_DriverIRQHandler
   Definitions
      At line 658 in file SRC\System\startup_LPC54608.s
   Uses
      At line 281 in file SRC\System\startup_LPC54608.s
      At line 600 in file SRC\System\startup_LPC54608.s

CTIMER3_IRQHandler 0000004E

Symbol: CTIMER3_IRQHandler
   Definitions
      At line 279 in file SRC\System\startup_LPC54608.s
   Uses
      At line 81 in file SRC\System\startup_LPC54608.s
      At line 280 in file SRC\System\startup_LPC54608.s

CTIMER4_DriverIRQHandler 000000FE

Symbol: CTIMER4_DriverIRQHandler
   Definitions
      At line 682 in file SRC\System\startup_LPC54608.s
   Uses
      At line 449 in file SRC\System\startup_LPC54608.s
      At line 624 in file SRC\System\startup_LPC54608.s

CTIMER4_IRQHandler 000000AE

Symbol: CTIMER4_IRQHandler
   Definitions
      At line 447 in file SRC\System\startup_LPC54608.s
   Uses
      At line 105 in file SRC\System\startup_LPC54608.s
      At line 448 in file SRC\System\startup_LPC54608.s

DMA0_DriverIRQHandler 000000FE

Symbol: DMA0_DriverIRQHandler



ARM Macro Assembler    Page 5 Alphabetic symbol ordering
Relocatable symbols

   Definitions
      At line 646 in file SRC\System\startup_LPC54608.s
   Uses
      At line 197 in file SRC\System\startup_LPC54608.s
      At line 588 in file SRC\System\startup_LPC54608.s

DMA0_IRQHandler 0000001E

Symbol: DMA0_IRQHandler
   Definitions
      At line 195 in file SRC\System\startup_LPC54608.s
   Uses
      At line 69 in file SRC\System\startup_LPC54608.s
      At line 196 in file SRC\System\startup_LPC54608.s

DMIC0_DriverIRQHandler 000000FE

Symbol: DMIC0_DriverIRQHandler
   Definitions
      At line 670 in file SRC\System\startup_LPC54608.s
   Uses
      At line 365 in file SRC\System\startup_LPC54608.s
      At line 612 in file SRC\System\startup_LPC54608.s

DMIC0_IRQHandler 0000007E

Symbol: DMIC0_IRQHandler
   Definitions
      At line 363 in file SRC\System\startup_LPC54608.s
   Uses
      At line 93 in file SRC\System\startup_LPC54608.s
      At line 364 in file SRC\System\startup_LPC54608.s

DebugMon_Handler 00000014

Symbol: DebugMon_Handler
   Definitions
      At line 172 in file SRC\System\startup_LPC54608.s
   Uses
      At line 62 in file SRC\System\startup_LPC54608.s
      At line 173 in file SRC\System\startup_LPC54608.s

Default_Handler 000000FE

Symbol: Default_Handler
   Definitions
      At line 586 in file SRC\System\startup_LPC54608.s
   Uses
      None
Comment: Default_Handler unused
EEPROM_DriverIRQHandler 000000FE

Symbol: EEPROM_DriverIRQHandler
   Definitions
      At line 697 in file SRC\System\startup_LPC54608.s
   Uses
      At line 554 in file SRC\System\startup_LPC54608.s
      At line 639 in file SRC\System\startup_LPC54608.s




ARM Macro Assembler    Page 6 Alphabetic symbol ordering
Relocatable symbols

EEPROM_IRQHandler 000000EA

Symbol: EEPROM_IRQHandler
   Definitions
      At line 552 in file SRC\System\startup_LPC54608.s
   Uses
      At line 120 in file SRC\System\startup_LPC54608.s
      At line 553 in file SRC\System\startup_LPC54608.s

ETHERNET_DriverIRQHandler 000000FE

Symbol: ETHERNET_DriverIRQHandler
   Definitions
      At line 694 in file SRC\System\startup_LPC54608.s
   Uses
      At line 533 in file SRC\System\startup_LPC54608.s
      At line 636 in file SRC\System\startup_LPC54608.s

ETHERNET_IRQHandler 000000DE

Symbol: ETHERNET_IRQHandler
   Definitions
      At line 531 in file SRC\System\startup_LPC54608.s
   Uses
      At line 117 in file SRC\System\startup_LPC54608.s
      At line 532 in file SRC\System\startup_LPC54608.s

ETHERNET_MACLP_DriverIRQHandler 000000FE

Symbol: ETHERNET_MACLP_DriverIRQHandler
   Definitions
      At line 696 in file SRC\System\startup_LPC54608.s
   Uses
      At line 547 in file SRC\System\startup_LPC54608.s
      At line 638 in file SRC\System\startup_LPC54608.s

ETHERNET_MACLP_IRQHandler 000000E6

Symbol: ETHERNET_MACLP_IRQHandler
   Definitions
      At line 545 in file SRC\System\startup_LPC54608.s
   Uses
      At line 119 in file SRC\System\startup_LPC54608.s
      At line 546 in file SRC\System\startup_LPC54608.s

ETHERNET_PMT_DriverIRQHandler 000000FE

Symbol: ETHERNET_PMT_DriverIRQHandler
   Definitions
      At line 695 in file SRC\System\startup_LPC54608.s
   Uses
      At line 540 in file SRC\System\startup_LPC54608.s
      At line 637 in file SRC\System\startup_LPC54608.s

ETHERNET_PMT_IRQHandler 000000E2

Symbol: ETHERNET_PMT_IRQHandler
   Definitions
      At line 538 in file SRC\System\startup_LPC54608.s



ARM Macro Assembler    Page 7 Alphabetic symbol ordering
Relocatable symbols

   Uses
      At line 118 in file SRC\System\startup_LPC54608.s
      At line 539 in file SRC\System\startup_LPC54608.s

FLEXCOMM0_DriverIRQHandler 000000FE

Symbol: FLEXCOMM0_DriverIRQHandler
   Definitions
      At line 659 in file SRC\System\startup_LPC54608.s
   Uses
      At line 288 in file SRC\System\startup_LPC54608.s
      At line 601 in file SRC\System\startup_LPC54608.s

FLEXCOMM0_IRQHandler 00000052

Symbol: FLEXCOMM0_IRQHandler
   Definitions
      At line 286 in file SRC\System\startup_LPC54608.s
   Uses
      At line 82 in file SRC\System\startup_LPC54608.s
      At line 287 in file SRC\System\startup_LPC54608.s

FLEXCOMM1_DriverIRQHandler 000000FE

Symbol: FLEXCOMM1_DriverIRQHandler
   Definitions
      At line 660 in file SRC\System\startup_LPC54608.s
   Uses
      At line 295 in file SRC\System\startup_LPC54608.s
      At line 602 in file SRC\System\startup_LPC54608.s

FLEXCOMM1_IRQHandler 00000056

Symbol: FLEXCOMM1_IRQHandler
   Definitions
      At line 293 in file SRC\System\startup_LPC54608.s
   Uses
      At line 83 in file SRC\System\startup_LPC54608.s
      At line 294 in file SRC\System\startup_LPC54608.s

FLEXCOMM2_DriverIRQHandler 000000FE

Symbol: FLEXCOMM2_DriverIRQHandler
   Definitions
      At line 661 in file SRC\System\startup_LPC54608.s
   Uses
      At line 302 in file SRC\System\startup_LPC54608.s
      At line 603 in file SRC\System\startup_LPC54608.s

FLEXCOMM2_IRQHandler 0000005A

Symbol: FLEXCOMM2_IRQHandler
   Definitions
      At line 300 in file SRC\System\startup_LPC54608.s
   Uses
      At line 84 in file SRC\System\startup_LPC54608.s
      At line 301 in file SRC\System\startup_LPC54608.s

FLEXCOMM3_DriverIRQHandler 000000FE



ARM Macro Assembler    Page 8 Alphabetic symbol ordering
Relocatable symbols


Symbol: FLEXCOMM3_DriverIRQHandler
   Definitions
      At line 662 in file SRC\System\startup_LPC54608.s
   Uses
      At line 309 in file SRC\System\startup_LPC54608.s
      At line 604 in file SRC\System\startup_LPC54608.s

FLEXCOMM3_IRQHandler 0000005E

Symbol: FLEXCOMM3_IRQHandler
   Definitions
      At line 307 in file SRC\System\startup_LPC54608.s
   Uses
      At line 85 in file SRC\System\startup_LPC54608.s
      At line 308 in file SRC\System\startup_LPC54608.s

FLEXCOMM4_DriverIRQHandler 000000FE

Symbol: FLEXCOMM4_DriverIRQHandler
   Definitions
      At line 663 in file SRC\System\startup_LPC54608.s
   Uses
      At line 316 in file SRC\System\startup_LPC54608.s
      At line 605 in file SRC\System\startup_LPC54608.s

FLEXCOMM4_IRQHandler 00000062

Symbol: FLEXCOMM4_IRQHandler
   Definitions
      At line 314 in file SRC\System\startup_LPC54608.s
   Uses
      At line 86 in file SRC\System\startup_LPC54608.s
      At line 315 in file SRC\System\startup_LPC54608.s

FLEXCOMM5_DriverIRQHandler 000000FE

Symbol: FLEXCOMM5_DriverIRQHandler
   Definitions
      At line 664 in file SRC\System\startup_LPC54608.s
   Uses
      At line 323 in file SRC\System\startup_LPC54608.s
      At line 606 in file SRC\System\startup_LPC54608.s

FLEXCOMM5_IRQHandler 00000066

Symbol: FLEXCOMM5_IRQHandler
   Definitions
      At line 321 in file SRC\System\startup_LPC54608.s
   Uses
      At line 87 in file SRC\System\startup_LPC54608.s
      At line 322 in file SRC\System\startup_LPC54608.s

FLEXCOMM6_DriverIRQHandler 000000FE

Symbol: FLEXCOMM6_DriverIRQHandler
   Definitions
      At line 665 in file SRC\System\startup_LPC54608.s
   Uses



ARM Macro Assembler    Page 9 Alphabetic symbol ordering
Relocatable symbols

      At line 330 in file SRC\System\startup_LPC54608.s
      At line 607 in file SRC\System\startup_LPC54608.s

FLEXCOMM6_IRQHandler 0000006A

Symbol: FLEXCOMM6_IRQHandler
   Definitions
      At line 328 in file SRC\System\startup_LPC54608.s
   Uses
      At line 88 in file SRC\System\startup_LPC54608.s
      At line 329 in file SRC\System\startup_LPC54608.s

FLEXCOMM7_DriverIRQHandler 000000FE

Symbol: FLEXCOMM7_DriverIRQHandler
   Definitions
      At line 666 in file SRC\System\startup_LPC54608.s
   Uses
      At line 337 in file SRC\System\startup_LPC54608.s
      At line 608 in file SRC\System\startup_LPC54608.s

FLEXCOMM7_IRQHandler 0000006E

Symbol: FLEXCOMM7_IRQHandler
   Definitions
      At line 335 in file SRC\System\startup_LPC54608.s
   Uses
      At line 89 in file SRC\System\startup_LPC54608.s
      At line 336 in file SRC\System\startup_LPC54608.s

FLEXCOMM8_DriverIRQHandler 000000FE

Symbol: FLEXCOMM8_DriverIRQHandler
   Definitions
      At line 685 in file SRC\System\startup_LPC54608.s
   Uses
      At line 470 in file SRC\System\startup_LPC54608.s
      At line 627 in file SRC\System\startup_LPC54608.s

FLEXCOMM8_IRQHandler 000000BA

Symbol: FLEXCOMM8_IRQHandler
   Definitions
      At line 468 in file SRC\System\startup_LPC54608.s
   Uses
      At line 108 in file SRC\System\startup_LPC54608.s
      At line 469 in file SRC\System\startup_LPC54608.s

FLEXCOMM9_DriverIRQHandler 000000FE

Symbol: FLEXCOMM9_DriverIRQHandler
   Definitions
      At line 686 in file SRC\System\startup_LPC54608.s
   Uses
      At line 477 in file SRC\System\startup_LPC54608.s
      At line 628 in file SRC\System\startup_LPC54608.s

FLEXCOMM9_IRQHandler 000000BE




ARM Macro Assembler    Page 10 Alphabetic symbol ordering
Relocatable symbols

Symbol: FLEXCOMM9_IRQHandler
   Definitions
      At line 475 in file SRC\System\startup_LPC54608.s
   Uses
      At line 109 in file SRC\System\startup_LPC54608.s
      At line 476 in file SRC\System\startup_LPC54608.s

GINT0_DriverIRQHandler 000000FE

Symbol: GINT0_DriverIRQHandler
   Definitions
      At line 647 in file SRC\System\startup_LPC54608.s
   Uses
      At line 204 in file SRC\System\startup_LPC54608.s
      At line 589 in file SRC\System\startup_LPC54608.s

GINT0_IRQHandler 00000022

Symbol: GINT0_IRQHandler
   Definitions
      At line 202 in file SRC\System\startup_LPC54608.s
   Uses
      At line 70 in file SRC\System\startup_LPC54608.s
      At line 203 in file SRC\System\startup_LPC54608.s

GINT1_DriverIRQHandler 000000FE

Symbol: GINT1_DriverIRQHandler
   Definitions
      At line 648 in file SRC\System\startup_LPC54608.s
   Uses
      At line 211 in file SRC\System\startup_LPC54608.s
      At line 590 in file SRC\System\startup_LPC54608.s

GINT1_IRQHandler 00000026

Symbol: GINT1_IRQHandler
   Definitions
      At line 209 in file SRC\System\startup_LPC54608.s
   Uses
      At line 71 in file SRC\System\startup_LPC54608.s
      At line 210 in file SRC\System\startup_LPC54608.s

HWVAD0_DriverIRQHandler 000000FE

Symbol: HWVAD0_DriverIRQHandler
   Definitions
      At line 671 in file SRC\System\startup_LPC54608.s
   Uses
      At line 372 in file SRC\System\startup_LPC54608.s
      At line 613 in file SRC\System\startup_LPC54608.s

HWVAD0_IRQHandler 00000082

Symbol: HWVAD0_IRQHandler
   Definitions
      At line 370 in file SRC\System\startup_LPC54608.s
   Uses
      At line 94 in file SRC\System\startup_LPC54608.s



ARM Macro Assembler    Page 11 Alphabetic symbol ordering
Relocatable symbols

      At line 371 in file SRC\System\startup_LPC54608.s

HardFault_Handler 0000000A

Symbol: HardFault_Handler
   Definitions
      At line 147 in file SRC\System\startup_LPC54608.s
   Uses
      At line 52 in file SRC\System\startup_LPC54608.s
      At line 148 in file SRC\System\startup_LPC54608.s

LCD_DriverIRQHandler 000000FE

Symbol: LCD_DriverIRQHandler
   Definitions
      At line 698 in file SRC\System\startup_LPC54608.s
   Uses
      At line 561 in file SRC\System\startup_LPC54608.s
      At line 640 in file SRC\System\startup_LPC54608.s

LCD_IRQHandler 000000EE

Symbol: LCD_IRQHandler
   Definitions
      At line 559 in file SRC\System\startup_LPC54608.s
   Uses
      At line 121 in file SRC\System\startup_LPC54608.s
      At line 560 in file SRC\System\startup_LPC54608.s

MRT0_DriverIRQHandler 000000FE

Symbol: MRT0_DriverIRQHandler
   Definitions
      At line 654 in file SRC\System\startup_LPC54608.s
   Uses
      At line 253 in file SRC\System\startup_LPC54608.s
      At line 596 in file SRC\System\startup_LPC54608.s

MRT0_IRQHandler 0000003E

Symbol: MRT0_IRQHandler
   Definitions
      At line 251 in file SRC\System\startup_LPC54608.s
   Uses
      At line 77 in file SRC\System\startup_LPC54608.s
      At line 252 in file SRC\System\startup_LPC54608.s

MemManage_Handler 0000000C

Symbol: MemManage_Handler
   Definitions
      At line 152 in file SRC\System\startup_LPC54608.s
   Uses
      At line 53 in file SRC\System\startup_LPC54608.s
      At line 153 in file SRC\System\startup_LPC54608.s

NMI_Handler 00000008

Symbol: NMI_Handler



ARM Macro Assembler    Page 12 Alphabetic symbol ordering
Relocatable symbols

   Definitions
      At line 141 in file SRC\System\startup_LPC54608.s
   Uses
      At line 51 in file SRC\System\startup_LPC54608.s
      At line 142 in file SRC\System\startup_LPC54608.s

PIN_INT0_DriverIRQHandler 000000FE

Symbol: PIN_INT0_DriverIRQHandler
   Definitions
      At line 649 in file SRC\System\startup_LPC54608.s
   Uses
      At line 218 in file SRC\System\startup_LPC54608.s
      At line 591 in file SRC\System\startup_LPC54608.s

PIN_INT0_IRQHandler 0000002A

Symbol: PIN_INT0_IRQHandler
   Definitions
      At line 216 in file SRC\System\startup_LPC54608.s
   Uses
      At line 72 in file SRC\System\startup_LPC54608.s
      At line 217 in file SRC\System\startup_LPC54608.s

PIN_INT1_DriverIRQHandler 000000FE

Symbol: PIN_INT1_DriverIRQHandler
   Definitions
      At line 650 in file SRC\System\startup_LPC54608.s
   Uses
      At line 225 in file SRC\System\startup_LPC54608.s
      At line 592 in file SRC\System\startup_LPC54608.s

PIN_INT1_IRQHandler 0000002E

Symbol: PIN_INT1_IRQHandler
   Definitions
      At line 223 in file SRC\System\startup_LPC54608.s
   Uses
      At line 73 in file SRC\System\startup_LPC54608.s
      At line 224 in file SRC\System\startup_LPC54608.s

PIN_INT2_DriverIRQHandler 000000FE

Symbol: PIN_INT2_DriverIRQHandler
   Definitions
      At line 651 in file SRC\System\startup_LPC54608.s
   Uses
      At line 232 in file SRC\System\startup_LPC54608.s
      At line 593 in file SRC\System\startup_LPC54608.s

PIN_INT2_IRQHandler 00000032

Symbol: PIN_INT2_IRQHandler
   Definitions
      At line 230 in file SRC\System\startup_LPC54608.s
   Uses
      At line 74 in file SRC\System\startup_LPC54608.s
      At line 231 in file SRC\System\startup_LPC54608.s



ARM Macro Assembler    Page 13 Alphabetic symbol ordering
Relocatable symbols


PIN_INT3_DriverIRQHandler 000000FE

Symbol: PIN_INT3_DriverIRQHandler
   Definitions
      At line 652 in file SRC\System\startup_LPC54608.s
   Uses
      At line 239 in file SRC\System\startup_LPC54608.s
      At line 594 in file SRC\System\startup_LPC54608.s

PIN_INT3_IRQHandler 00000036

Symbol: PIN_INT3_IRQHandler
   Definitions
      At line 237 in file SRC\System\startup_LPC54608.s
   Uses
      At line 75 in file SRC\System\startup_LPC54608.s
      At line 238 in file SRC\System\startup_LPC54608.s

PIN_INT4_DriverIRQHandler 000000FE

Symbol: PIN_INT4_DriverIRQHandler
   Definitions
      At line 677 in file SRC\System\startup_LPC54608.s
   Uses
      At line 414 in file SRC\System\startup_LPC54608.s
      At line 619 in file SRC\System\startup_LPC54608.s

PIN_INT4_IRQHandler 0000009A

Symbol: PIN_INT4_IRQHandler
   Definitions
      At line 412 in file SRC\System\startup_LPC54608.s
   Uses
      At line 100 in file SRC\System\startup_LPC54608.s
      At line 413 in file SRC\System\startup_LPC54608.s

PIN_INT5_DriverIRQHandler 000000FE

Symbol: PIN_INT5_DriverIRQHandler
   Definitions
      At line 678 in file SRC\System\startup_LPC54608.s
   Uses
      At line 421 in file SRC\System\startup_LPC54608.s
      At line 620 in file SRC\System\startup_LPC54608.s

PIN_INT5_IRQHandler 0000009E

Symbol: PIN_INT5_IRQHandler
   Definitions
      At line 419 in file SRC\System\startup_LPC54608.s
   Uses
      At line 101 in file SRC\System\startup_LPC54608.s
      At line 420 in file SRC\System\startup_LPC54608.s

PIN_INT6_DriverIRQHandler 000000FE

Symbol: PIN_INT6_DriverIRQHandler
   Definitions



ARM Macro Assembler    Page 14 Alphabetic symbol ordering
Relocatable symbols

      At line 679 in file SRC\System\startup_LPC54608.s
   Uses
      At line 428 in file SRC\System\startup_LPC54608.s
      At line 621 in file SRC\System\startup_LPC54608.s

PIN_INT6_IRQHandler 000000A2

Symbol: PIN_INT6_IRQHandler
   Definitions
      At line 426 in file SRC\System\startup_LPC54608.s
   Uses
      At line 102 in file SRC\System\startup_LPC54608.s
      At line 427 in file SRC\System\startup_LPC54608.s

PIN_INT7_DriverIRQHandler 000000FE

Symbol: PIN_INT7_DriverIRQHandler
   Definitions
      At line 680 in file SRC\System\startup_LPC54608.s
   Uses
      At line 435 in file SRC\System\startup_LPC54608.s
      At line 622 in file SRC\System\startup_LPC54608.s

PIN_INT7_IRQHandler 000000A6

Symbol: PIN_INT7_IRQHandler
   Definitions
      At line 433 in file SRC\System\startup_LPC54608.s
   Uses
      At line 103 in file SRC\System\startup_LPC54608.s
      At line 434 in file SRC\System\startup_LPC54608.s

PendSV_Handler 00000016

Symbol: PendSV_Handler
   Definitions
      At line 177 in file SRC\System\startup_LPC54608.s
   Uses
      At line 64 in file SRC\System\startup_LPC54608.s
      At line 178 in file SRC\System\startup_LPC54608.s

RIT_DriverIRQHandler 000000FE

Symbol: RIT_DriverIRQHandler
   Definitions
      At line 683 in file SRC\System\startup_LPC54608.s
   Uses
      At line 456 in file SRC\System\startup_LPC54608.s
      At line 625 in file SRC\System\startup_LPC54608.s

RIT_IRQHandler 000000B2

Symbol: RIT_IRQHandler
   Definitions
      At line 454 in file SRC\System\startup_LPC54608.s
   Uses
      At line 106 in file SRC\System\startup_LPC54608.s
      At line 455 in file SRC\System\startup_LPC54608.s




ARM Macro Assembler    Page 15 Alphabetic symbol ordering
Relocatable symbols

RTC_DriverIRQHandler 000000FE

Symbol: RTC_DriverIRQHandler
   Definitions
      At line 674 in file SRC\System\startup_LPC54608.s
   Uses
      At line 393 in file SRC\System\startup_LPC54608.s
      At line 616 in file SRC\System\startup_LPC54608.s

RTC_IRQHandler 0000008E

Symbol: RTC_IRQHandler
   Definitions
      At line 391 in file SRC\System\startup_LPC54608.s
   Uses
      At line 97 in file SRC\System\startup_LPC54608.s
      At line 392 in file SRC\System\startup_LPC54608.s

Reserved46_DriverIRQHandler 000000FE

Symbol: Reserved46_DriverIRQHandler
   Definitions
      At line 675 in file SRC\System\startup_LPC54608.s
   Uses
      At line 400 in file SRC\System\startup_LPC54608.s
      At line 617 in file SRC\System\startup_LPC54608.s

Reserved46_IRQHandler 00000092

Symbol: Reserved46_IRQHandler
   Definitions
      At line 398 in file SRC\System\startup_LPC54608.s
   Uses
      At line 98 in file SRC\System\startup_LPC54608.s
      At line 399 in file SRC\System\startup_LPC54608.s

Reserved47_DriverIRQHandler 000000FE

Symbol: Reserved47_DriverIRQHandler
   Definitions
      At line 676 in file SRC\System\startup_LPC54608.s
   Uses
      At line 407 in file SRC\System\startup_LPC54608.s
      At line 618 in file SRC\System\startup_LPC54608.s

Reserved47_IRQHandler 00000096

Symbol: Reserved47_IRQHandler
   Definitions
      At line 405 in file SRC\System\startup_LPC54608.s
   Uses
      At line 99 in file SRC\System\startup_LPC54608.s
      At line 406 in file SRC\System\startup_LPC54608.s

Reset_Handler 00000000

Symbol: Reset_Handler
   Definitions
      At line 129 in file SRC\System\startup_LPC54608.s



ARM Macro Assembler    Page 16 Alphabetic symbol ordering
Relocatable symbols

   Uses
      At line 49 in file SRC\System\startup_LPC54608.s
      At line 130 in file SRC\System\startup_LPC54608.s

SCT0_DriverIRQHandler 000000FE

Symbol: SCT0_DriverIRQHandler
   Definitions
      At line 657 in file SRC\System\startup_LPC54608.s
   Uses
      At line 274 in file SRC\System\startup_LPC54608.s
      At line 599 in file SRC\System\startup_LPC54608.s

SCT0_IRQHandler 0000004A

Symbol: SCT0_IRQHandler
   Definitions
      At line 272 in file SRC\System\startup_LPC54608.s
   Uses
      At line 80 in file SRC\System\startup_LPC54608.s
      At line 273 in file SRC\System\startup_LPC54608.s

SDIO_DriverIRQHandler 000000FE

Symbol: SDIO_DriverIRQHandler
   Definitions
      At line 687 in file SRC\System\startup_LPC54608.s
   Uses
      At line 484 in file SRC\System\startup_LPC54608.s
      At line 629 in file SRC\System\startup_LPC54608.s

SDIO_IRQHandler 000000C2

Symbol: SDIO_IRQHandler
   Definitions
      At line 482 in file SRC\System\startup_LPC54608.s
   Uses
      At line 110 in file SRC\System\startup_LPC54608.s
      At line 483 in file SRC\System\startup_LPC54608.s

SHA_DriverIRQHandler 000000FE

Symbol: SHA_DriverIRQHandler
   Definitions
      At line 699 in file SRC\System\startup_LPC54608.s
   Uses
      At line 568 in file SRC\System\startup_LPC54608.s
      At line 641 in file SRC\System\startup_LPC54608.s

SHA_IRQHandler 000000F2

Symbol: SHA_IRQHandler
   Definitions
      At line 566 in file SRC\System\startup_LPC54608.s
   Uses
      At line 122 in file SRC\System\startup_LPC54608.s
      At line 567 in file SRC\System\startup_LPC54608.s

SMARTCARD0_DriverIRQHandler 000000FE



ARM Macro Assembler    Page 17 Alphabetic symbol ordering
Relocatable symbols


Symbol: SMARTCARD0_DriverIRQHandler
   Definitions
      At line 700 in file SRC\System\startup_LPC54608.s
   Uses
      At line 575 in file SRC\System\startup_LPC54608.s
      At line 642 in file SRC\System\startup_LPC54608.s

SMARTCARD0_IRQHandler 000000F6

Symbol: SMARTCARD0_IRQHandler
   Definitions
      At line 573 in file SRC\System\startup_LPC54608.s
   Uses
      At line 123 in file SRC\System\startup_LPC54608.s
      At line 574 in file SRC\System\startup_LPC54608.s

SMARTCARD1_DriverIRQHandler 000000FE

Symbol: SMARTCARD1_DriverIRQHandler
   Definitions
      At line 701 in file SRC\System\startup_LPC54608.s
   Uses
      At line 582 in file SRC\System\startup_LPC54608.s
      At line 643 in file SRC\System\startup_LPC54608.s

SMARTCARD1_IRQHandler 000000FA

Symbol: SMARTCARD1_IRQHandler
   Definitions
      At line 580 in file SRC\System\startup_LPC54608.s
   Uses
      At line 124 in file SRC\System\startup_LPC54608.s
      At line 581 in file SRC\System\startup_LPC54608.s

SPIFI0_DriverIRQHandler 000000FE

Symbol: SPIFI0_DriverIRQHandler
   Definitions
      At line 684 in file SRC\System\startup_LPC54608.s
   Uses
      At line 463 in file SRC\System\startup_LPC54608.s
      At line 626 in file SRC\System\startup_LPC54608.s

SPIFI0_IRQHandler 000000B6

Symbol: SPIFI0_IRQHandler
   Definitions
      At line 461 in file SRC\System\startup_LPC54608.s
   Uses
      At line 107 in file SRC\System\startup_LPC54608.s
      At line 462 in file SRC\System\startup_LPC54608.s

SVC_Handler 00000012

Symbol: SVC_Handler
   Definitions
      At line 167 in file SRC\System\startup_LPC54608.s
   Uses



ARM Macro Assembler    Page 18 Alphabetic symbol ordering
Relocatable symbols

      At line 61 in file SRC\System\startup_LPC54608.s
      At line 168 in file SRC\System\startup_LPC54608.s

SysTick_Handler 00000018

Symbol: SysTick_Handler
   Definitions
      At line 182 in file SRC\System\startup_LPC54608.s
   Uses
      At line 65 in file SRC\System\startup_LPC54608.s
      At line 183 in file SRC\System\startup_LPC54608.s

USB0_DriverIRQHandler 000000FE

Symbol: USB0_DriverIRQHandler
   Definitions
      At line 673 in file SRC\System\startup_LPC54608.s
   Uses
      At line 386 in file SRC\System\startup_LPC54608.s
      At line 615 in file SRC\System\startup_LPC54608.s

USB0_IRQHandler 0000008A

Symbol: USB0_IRQHandler
   Definitions
      At line 384 in file SRC\System\startup_LPC54608.s
   Uses
      At line 96 in file SRC\System\startup_LPC54608.s
      At line 385 in file SRC\System\startup_LPC54608.s

USB0_NEEDCLK_DriverIRQHandler 000000FE

Symbol: USB0_NEEDCLK_DriverIRQHandler
   Definitions
      At line 672 in file SRC\System\startup_LPC54608.s
   Uses
      At line 379 in file SRC\System\startup_LPC54608.s
      At line 614 in file SRC\System\startup_LPC54608.s

USB0_NEEDCLK_IRQHandler 00000086

Symbol: USB0_NEEDCLK_IRQHandler
   Definitions
      At line 377 in file SRC\System\startup_LPC54608.s
   Uses
      At line 95 in file SRC\System\startup_LPC54608.s
      At line 378 in file SRC\System\startup_LPC54608.s

USB1_DriverIRQHandler 000000FE

Symbol: USB1_DriverIRQHandler
   Definitions
      At line 692 in file SRC\System\startup_LPC54608.s
   Uses
      At line 519 in file SRC\System\startup_LPC54608.s
      At line 634 in file SRC\System\startup_LPC54608.s

USB1_IRQHandler 000000D6




ARM Macro Assembler    Page 19 Alphabetic symbol ordering
Relocatable symbols

Symbol: USB1_IRQHandler
   Definitions
      At line 517 in file SRC\System\startup_LPC54608.s
   Uses
      At line 115 in file SRC\System\startup_LPC54608.s
      At line 518 in file SRC\System\startup_LPC54608.s

USB1_NEEDCLK_DriverIRQHandler 000000FE

Symbol: USB1_NEEDCLK_DriverIRQHandler
   Definitions
      At line 693 in file SRC\System\startup_LPC54608.s
   Uses
      At line 526 in file SRC\System\startup_LPC54608.s
      At line 635 in file SRC\System\startup_LPC54608.s

USB1_NEEDCLK_IRQHandler 000000DA

Symbol: USB1_NEEDCLK_IRQHandler
   Definitions
      At line 524 in file SRC\System\startup_LPC54608.s
   Uses
      At line 116 in file SRC\System\startup_LPC54608.s
      At line 525 in file SRC\System\startup_LPC54608.s

UTICK0_DriverIRQHandler 000000FE

Symbol: UTICK0_DriverIRQHandler
   Definitions
      At line 653 in file SRC\System\startup_LPC54608.s
   Uses
      At line 246 in file SRC\System\startup_LPC54608.s
      At line 595 in file SRC\System\startup_LPC54608.s

UTICK0_IRQHandler 0000003A

Symbol: UTICK0_IRQHandler
   Definitions
      At line 244 in file SRC\System\startup_LPC54608.s
   Uses
      At line 76 in file SRC\System\startup_LPC54608.s
      At line 245 in file SRC\System\startup_LPC54608.s

UsageFault_Handler 00000010

Symbol: UsageFault_Handler
   Definitions
      At line 162 in file SRC\System\startup_LPC54608.s
   Uses
      At line 55 in file SRC\System\startup_LPC54608.s
      At line 163 in file SRC\System\startup_LPC54608.s

WDT_BOD_DriverIRQHandler 000000FE

Symbol: WDT_BOD_DriverIRQHandler
   Definitions
      At line 645 in file SRC\System\startup_LPC54608.s
   Uses
      At line 190 in file SRC\System\startup_LPC54608.s



ARM Macro Assembler    Page 20 Alphabetic symbol ordering
Relocatable symbols

      At line 587 in file SRC\System\startup_LPC54608.s

WDT_BOD_IRQHandler 0000001A

Symbol: WDT_BOD_IRQHandler
   Definitions
      At line 188 in file SRC\System\startup_LPC54608.s
   Uses
      At line 68 in file SRC\System\startup_LPC54608.s
      At line 189 in file SRC\System\startup_LPC54608.s

126 symbols



ARM Macro Assembler    Page 1 Alphabetic symbol ordering
External symbols

Image$$ARM_LIB_STACK$$ZI$$Limit 00000000

Symbol: Image$$ARM_LIB_STACK$$ZI$$Limit
   Definitions
      At line 46 in file SRC\System\startup_LPC54608.s
   Uses
      At line 48 in file SRC\System\startup_LPC54608.s
Comment: Image$$ARM_LIB_STACK$$ZI$$Limit used once
SystemInit 00000000

Symbol: SystemInit
   Definitions
      At line 131 in file SRC\System\startup_LPC54608.s
   Uses
      At line 134 in file SRC\System\startup_LPC54608.s
Comment: SystemInit used once
__main 00000000

Symbol: __main
   Definitions
      At line 132 in file SRC\System\startup_LPC54608.s
   Uses
      At line 136 in file SRC\System\startup_LPC54608.s
Comment: __main used once
3 symbols
472 symbols in table
